<?xml version="1.0" encoding="UTF-8"?>
<testsuite xmlns:xsi="http://www.w3.org/2001/XMLSchema-instance" xsi:noNamespaceSchemaLocation="https://maven.apache.org/surefire/maven-surefire-plugin/xsd/surefire-test-report.xsd" version="3.0.2" name="senai.tcc.zupiapi.zupibackend.ZupibackendApplicationTests" time="11.101" tests="1" errors="0" skipped="0" failures="0">
  <properties>
[...]
</properties>
  <testcase name="contextLoads" classname="senai.tcc.zupiapi.zupibackend.ZupibackendApplicationTests" time="1.389">
    <system-out><![CDATA[03:19:25.165 [main] INFO org.springframework.test.context.support.AnnotationConfigContextLoaderUtils -- Could not detect default configuration classes for test class [senai.tcc.zupiapi.zupibackend.ZupibackendApplicationTests]: ZupibackendApplicationTests does not declare any static, non-private, non-final, nested classes annotated with @Configuration.
03:19:25.346 [main] INFO org.springframework.boot.test.context.SpringBootTestContextBootstrapper -- Found @SpringBootConfiguration senai.tcc.zupiapi.zupibackend.ZupibackendApplication for test class senai.tcc.zupiapi.zupibackend.ZupibackendApplicationTests
03:19:25.644 [main] INFO org.springframework.boot.devtools.restart.RestartApplicationListener -- Restart disabled due to context in which it is running

  .   ____          _            __ _ _
 /\\ / ___'_ __ _ _(_)_ __  __ _ \ \ \ \
( ( )\___ | '_ | '_| | '_ \/ _` | \ \ \ \
 \\/  ___)| |_)| | | | | || (_| |  ) ) ) )
  '  |____| .__|_| |_|_| |_\__, | / / / /
 =========|_|==============|___/=/_/_/_/

 :: Spring Boot ::                (v3.5.8)

2025-12-10T03:19:26.098-03:00  INFO 35376 --- [zupibackend] [           main] s.t.z.z.ZupibackendApplicationTests      : Starting ZupibackendApplicationTests using Java 21.0.9 with PID 35376 (started by aurij in C:\Users\aurij\Desktop\TCC-DS)
2025-12-10T03:19:26.111-03:00  INFO 35376 --- [zupibackend] [           main] s.t.z.z.ZupibackendApplicationTests      : The following 1 profile is active: "dev"
2025-12-10T03:19:27.374-03:00  INFO 35376 --- [zupibackend] [           main] .s.d.r.c.RepositoryConfigurationDelegate : Bootstrapping Spring Data JPA repositories in DEFAULT mode.
2025-12-10T03:19:27.472-03:00  INFO 35376 --- [zupibackend] [           main] .s.d.r.c.RepositoryConfigurationDelegate : Finished Spring Data repository scanning in 83 ms. Found 6 JPA repository interfaces.
2025-12-10T03:19:28.306-03:00  INFO 35376 --- [zupibackend] [           main] o.hibernate.jpa.internal.util.LogHelper  : HHH000204: Processing PersistenceUnitInfo [name: default]
2025-12-10T03:19:28.446-03:00  INFO 35376 --- [zupibackend] [           main] org.hibernate.Version                    : HHH000412: Hibernate ORM core version 6.6.36.Final
2025-12-10T03:19:28.541-03:00  INFO 35376 --- [zupibackend] [           main] o.h.c.internal.RegionFactoryInitiator    : HHH000026: Second-level cache disabled
2025-12-10T03:19:29.267-03:00  INFO 35376 --- [zupibackend] [           main] o.s.o.j.p.SpringPersistenceUnitInfo      : No LoadTimeWeaver setup: ignoring JPA class transformer
2025-12-10T03:19:29.330-03:00  INFO 35376 --- [zupibackend] [           main] com.zaxxer.hikari.HikariDataSource       : HikariPool-1 - Starting...
2025-12-10T03:19:29.786-03:00  INFO 35376 --- [zupibackend] [           main] com.zaxxer.hikari.pool.HikariPool        : HikariPool-1 - Added connection org.postgresql.jdbc.PgConnection@745926c3
2025-12-10T03:19:29.786-03:00  INFO 35376 --- [zupibackend] [           main] com.zaxxer.hikari.HikariDataSource       : HikariPool-1 - Start completed.
2025-12-10T03:19:29.927-03:00  INFO 35376 --- [zupibackend] [           main] org.hibernate.orm.connections.pooling    : HHH10001005: Database info:
	Database JDBC URL [Connecting through datasource 'HikariDataSource (HikariPool-1)']
	Database driver: undefined/unknown
	Database version: 18.1
	Autocommit mode: undefined/unknown
	Isolation level: undefined/unknown
	Minimum pool size: undefined/unknown
	Maximum pool size: undefined/unknown
2025-12-10T03:19:31.617-03:00  INFO 35376 --- [zupibackend] [           main] o.h.e.t.j.p.i.JtaPlatformInitiator       : HHH000489: No JTA platform available (set 'hibernate.transaction.jta.platform' to enable JTA platform integration)
Hibernate: 
    create table children (
        id integer not null,
        age integer,
        birth_date date,
        condition varchar(255),
        name varchar(255),
        school_class varchar(255),
        user_id bigint,
        primary key (id)
    )
Hibernate: 
    create table events (
        id integer generated by default as identity,
        date timestamp(6) with time zone,
        finish timestamp(6) with time zone,
        title varchar(255),
        child_id integer,
        skill_area_id bigint,
        user_id bigint,
        primary key (id)
    )
Hibernate: 
    create table relatorios (
        id bigint generated by default as identity,
        date timestamp(6) with time zone,
        child_id integer,
        primary key (id)
    )
Hibernate: 
    create table report_scores (
        id bigint generated by default as identity,
        score integer,
        child_report_id bigint,
        skill_area_id bigint,
        primary key (id)
    )
Hibernate: 
    create table skill_area (
        id bigint generated by default as identity,
        name varchar(255),
        primary key (id)
    )
Hibernate: 
    create table usuarios (
        id bigint generated by default as identity,
        email varchar(255),
        name varchar(255),
        password varchar(255),
        primary key (id)
    )
Hibernate: 
    alter table if exists skill_area 
       drop constraint if exists UKgi8r6rnia8l0xv9914hjumill
2025-12-10T03:19:31.721-03:00  WARN 35376 --- [zupibackend] [           main] o.h.engine.jdbc.spi.SqlExceptionHelper   : SQL Warning Code: 0, SQLState: 00000
2025-12-10T03:19:31.721-03:00  WARN 35376 --- [zupibackend] [           main] o.h.engine.jdbc.spi.SqlExceptionHelper   : restrição "ukgi8r6rnia8l0xv9914hjumill" da relação "skill_area" não existe, ignorando
Hibernate: 
    alter table if exists skill_area 
       add constraint UKgi8r6rnia8l0xv9914hjumill unique (name)
Hibernate: 
    alter table if exists usuarios 
       drop constraint if exists UKkfsp0s1tflm1cwlj8idhqsad0
2025-12-10T03:19:31.721-03:00  WARN 35376 --- [zupibackend] [           main] o.h.engine.jdbc.spi.SqlExceptionHelper   : SQL Warning Code: 0, SQLState: 00000
2025-12-10T03:19:31.737-03:00  WARN 35376 --- [zupibackend] [           main] o.h.engine.jdbc.spi.SqlExceptionHelper   : restrição "ukkfsp0s1tflm1cwlj8idhqsad0" da relação "usuarios" não existe, ignorando
Hibernate: 
    alter table if exists usuarios 
       add constraint UKkfsp0s1tflm1cwlj8idhqsad0 unique (email)
Hibernate: 
    create sequence children_seq start with 1 increment by 50
Hibernate: 
    alter table if exists children 
       add constraint FKnsssf44pp487ukilxjyo1hmg6 
       foreign key (user_id) 
       references usuarios
Hibernate: 
    alter table if exists events 
       add constraint FKnjc0a7gdw1bxyexqd8wqqxy29 
       foreign key (child_id) 
       references children
Hibernate: 
    alter table if exists events 
       add constraint FK70wypj49itsmmxceg0un8k846 
       foreign key (skill_area_id) 
       references skill_area
Hibernate: 
    alter table if exists events 
       add constraint FKal8nxd6v56v71sm8yrkmdq2an 
       foreign key (user_id) 
       references usuarios
Hibernate: 
    alter table if exists relatorios 
       add constraint FKcxwxv1gy1jv1fj4bicy1wkfn0 
       foreign key (child_id) 
       references children
Hibernate: 
    alter table if exists report_scores 
       add constraint FKhrm73o4lwvk2tfapf5si2b1uu 
       foreign key (child_report_id) 
       references relatorios
Hibernate: 
    alter table if exists report_scores 
       add constraint FKa67tjrg0ldsaj7yoa39er32yb 
       foreign key (skill_area_id) 
       references skill_area
2025-12-10T03:19:31.760-03:00  INFO 35376 --- [zupibackend] [           main] j.LocalContainerEntityManagerFactoryBean : Initialized JPA EntityManagerFactory for persistence unit 'default'
2025-12-10T03:19:32.459-03:00  INFO 35376 --- [zupibackend] [           main] o.s.d.j.r.query.QueryEnhancerFactory     : Hibernate is in classpath; If applicable, HQL parser will be used.
2025-12-10T03:19:33.755-03:00  INFO 35376 --- [zupibackend] [           main] o.s.b.a.w.s.WelcomePageHandlerMapping    : Adding welcome page template: index
2025-12-10T03:19:34.605-03:00  INFO 35376 --- [zupibackend] [           main] s.t.z.z.ZupibackendApplicationTests      : Started ZupibackendApplicationTests in 8.977 seconds (process running for 10.519)
]]></system-out>
    <system-err><![CDATA[Mockito is currently self-attaching to enable the inline-mock-maker. This will no longer work in future releases of the JDK. Please add Mockito as an agent to your build as described in Mockito's documentation: https://javadoc.io/doc/org.mockito/mockito-core/latest/org.mockito/org/mockito/Mockito.html#0.3
WARNING: A Java agent has been loaded dynamically (C:\Users\aurij\.m2\repository\net\bytebuddy\byte-buddy-agent\1.17.8\byte-buddy-agent-1.17.8.jar)
WARNING: If a serviceability tool is in use, please run with -XX:+EnableDynamicAgentLoading to hide this warning
WARNING: If a serviceability tool is not in use, please run with -Djdk.instrument.traceUsage for more information
WARNING: Dynamic loading of agents will be disallowed by default in a future release
]]></system-err>
  </testcase>
</testsuite>